<?xml version="1.0" encoding="UTF-8"?>
<testsuite xmlns:xsi="http://www.w3.org/2001/XMLSchema-instance" xsi:noNamespaceSchemaLocation="https://maven.apache.org/surefire/maven-surefire-plugin/xsd/surefire-test-report.xsd" name="Login Page Feature" time="65.747" tests="3" errors="0" skipped="1" failures="0">
  <properties>
[...]
</properties>
  <testcase name="Login page title" classname="Login Page Feature" time="25.422"/>
  <testcase name="Forgot passwrod link" classname="Login Page Feature" time="0">
    <skipped message="got: &lt;false&gt;, expected: is &lt;true&gt;"/>
    <system-out><![CDATA[
@skip_scenario
Scenario: Forgot passwrod link                  # src/test/resources/features/login.feature:8
Skipped Scenario NameForgot passwrod link
      org.junit.AssumptionViolatedException: got: <false>, expected: is <true>
	at org.junit.Assume.assumeThat(Assume.java:106)
	at org.junit.Assume.assumeTrue(Assume.java:50)
	at apphooks.Applicationhooks.skipscenario(Applicationhooks.java:27)

{browser=chrome}
-------------------*********---------------
browser
browser value is: chrome
  Given user is on login page                   # stepdefinitions.LoginStepdefinition.user_is_on_login_page()
  Then Forgot password link should be displayed # stepdefinitions.LoginStepdefinition.forgot_password_link_should_be_displayed()
QuitingBrowser
]]></system-out>
    <system-err><![CDATA[Starting ChromeDriver 88.0.4324.96 (68dba2d8a0b149a1d3afac56fa74648032bcf46b-refs/branch-heads/4324@{#1784}) on port 45024
Only local connections are allowed.
Please see https://chromedriver.chromium.org/security-considerations for suggestions on keeping ChromeDriver safe.
ChromeDriver was started successfully.
Mar 21, 2021 2:32:02 PM org.openqa.selenium.remote.ProtocolHandshake createSession
INFO: Detected dialect: W3C
]]></system-err>
  </testcase>
  <testcase name="Login with valid Credentials" classname="Login Page Feature" time="36.085"/>
</testsuite>